<?xml version="1.0" encoding="UTF-8"?>
<testsuite xmlns:xsi="http://www.w3.org/2001/XMLSchema-instance" xsi:noNamespaceSchemaLocation="https://maven.apache.org/surefire/maven-surefire-plugin/xsd/surefire-test-report-3.0.xsd" version="3.0" name="com.timess.apiclientsdk.ApiClientSdkApplicationTests" time="0.457" tests="1" errors="1" skipped="0" failures="0">
  <properties>
    <property name="sun.desktop" value="windows"/>
    <property name="awt.toolkit" value="sun.awt.windows.WToolkit"/>
    <property name="file.encoding.pkg" value="sun.io"/>
    <property name="java.specification.version" value="1.8"/>
    <property name="sun.cpu.isalist" value="amd64"/>
    <property name="sun.jnu.encoding" value="GBK"/>
    <property name="java.class.path" value="D:\api-project\API-client-sdk\target\test-classes;D:\api-project\API-client-sdk\target\classes;D:\timessRepository\maven_repository\com\timess\api-common\0.0.1\api-common-0.0.1.jar;D:\timessRepository\maven_repository\org\mybatis\spring\boot\mybatis-spring-boot-starter\2.2.2\mybatis-spring-boot-starter-2.2.2.jar;D:\timessRepository\maven_repository\org\springframework\boot\spring-boot-starter-jdbc\2.6.13\spring-boot-starter-jdbc-2.6.13.jar;D:\timessRepository\maven_repository\com\zaxxer\HikariCP\4.0.3\HikariCP-4.0.3.jar;D:\timessRepository\maven_repository\org\springframework\spring-jdbc\5.3.23\spring-jdbc-5.3.23.jar;D:\timessRepository\maven_repository\org\springframework\spring-tx\5.3.23\spring-tx-5.3.23.jar;D:\timessRepository\maven_repository\org\mybatis\spring\boot\mybatis-spring-boot-autoconfigure\2.2.2\mybatis-spring-boot-autoconfigure-2.2.2.jar;D:\timessRepository\maven_repository\org\mybatis\mybatis\3.5.9\mybatis-3.5.9.jar;D:\timessRepository\maven_repository\org\mybatis\mybatis-spring\2.0.7\mybatis-spring-2.0.7.jar;D:\timessRepository\maven_repository\com\baomidou\mybatis-plus-boot-starter\3.5.1\mybatis-plus-boot-starter-3.5.1.jar;D:\timessRepository\maven_repository\com\baomidou\mybatis-plus\3.5.1\mybatis-plus-3.5.1.jar;D:\timessRepository\maven_repository\com\baomidou\mybatis-plus-extension\3.5.1\mybatis-plus-extension-3.5.1.jar;D:\timessRepository\maven_repository\com\baomidou\mybatis-plus-core\3.5.1\mybatis-plus-core-3.5.1.jar;D:\timessRepository\maven_repository\com\baomidou\mybatis-plus-annotation\3.5.1\mybatis-plus-annotation-3.5.1.jar;D:\timessRepository\maven_repository\com\github\jsqlparser\jsqlparser\4.3\jsqlparser-4.3.jar;D:\timessRepository\maven_repository\com\google\code\gson\gson\2.8.9\gson-2.8.9.jar;D:\timessRepository\maven_repository\org\apache\commons\commons-lang3\3.12.0\commons-lang3-3.12.0.jar;D:\timessRepository\maven_repository\com\mysql\mysql-connector-j\8.0.31\mysql-connector-j-8.0.31.jar;D:\timessRepository\maven_repository\org\apache\tomcat\embed\tomcat-embed-core\9.0.68\tomcat-embed-core-9.0.68.jar;D:\timessRepository\maven_repository\org\apache\tomcat\tomcat-annotations-api\9.0.68\tomcat-annotations-api-9.0.68.jar;D:\timessRepository\maven_repository\org\springframework\boot\spring-boot-starter\2.6.13\spring-boot-starter-2.6.13.jar;D:\timessRepository\maven_repository\org\springframework\boot\spring-boot\2.6.13\spring-boot-2.6.13.jar;D:\timessRepository\maven_repository\org\springframework\spring-context\5.3.23\spring-context-5.3.23.jar;D:\timessRepository\maven_repository\org\springframework\spring-aop\5.3.23\spring-aop-5.3.23.jar;D:\timessRepository\maven_repository\org\springframework\spring-beans\5.3.23\spring-beans-5.3.23.jar;D:\timessRepository\maven_repository\org\springframework\spring-expression\5.3.23\spring-expression-5.3.23.jar;D:\timessRepository\maven_repository\org\springframework\boot\spring-boot-autoconfigure\2.6.13\spring-boot-autoconfigure-2.6.13.jar;D:\timessRepository\maven_repository\org\springframework\boot\spring-boot-starter-logging\2.6.13\spring-boot-starter-logging-2.6.13.jar;D:\timessRepository\maven_repository\ch\qos\logback\logback-classic\1.2.11\logback-classic-1.2.11.jar;D:\timessRepository\maven_repository\ch\qos\logback\logback-core\1.2.11\logback-core-1.2.11.jar;D:\timessRepository\maven_repository\org\apache\logging\log4j\log4j-to-slf4j\2.17.2\log4j-to-slf4j-2.17.2.jar;D:\timessRepository\maven_repository\org\apache\logging\log4j\log4j-api\2.17.2\log4j-api-2.17.2.jar;D:\timessRepository\maven_repository\org\slf4j\jul-to-slf4j\1.7.36\jul-to-slf4j-1.7.36.jar;D:\timessRepository\maven_repository\jakarta\annotation\jakarta.annotation-api\1.3.5\jakarta.annotation-api-1.3.5.jar;D:\timessRepository\maven_repository\org\springframework\spring-core\5.3.23\spring-core-5.3.23.jar;D:\timessRepository\maven_repository\org\springframework\spring-jcl\5.3.23\spring-jcl-5.3.23.jar;D:\timessRepository\maven_repository\org\yaml\snakeyaml\1.29\snakeyaml-1.29.jar;D:\timessRepository\maven_repository\org\springframework\boot\spring-boot-configuration-processor\2.6.13\spring-boot-configuration-processor-2.6.13.jar;D:\timessRepository\maven_repository\org\projectlombok\lombok\1.18.24\lombok-1.18.24.jar;D:\timessRepository\maven_repository\cn\hutool\hutool-all\5.8.16\hutool-all-5.8.16.jar;D:\timessRepository\maven_repository\org\springframework\boot\spring-boot-starter-test\2.6.13\spring-boot-starter-test-2.6.13.jar;D:\timessRepository\maven_repository\org\springframework\boot\spring-boot-test\2.6.13\spring-boot-test-2.6.13.jar;D:\timessRepository\maven_repository\org\springframework\boot\spring-boot-test-autoconfigure\2.6.13\spring-boot-test-autoconfigure-2.6.13.jar;D:\timessRepository\maven_repository\com\jayway\jsonpath\json-path\2.6.0\json-path-2.6.0.jar;D:\timessRepository\maven_repository\net\minidev\json-smart\2.4.8\json-smart-2.4.8.jar;D:\timessRepository\maven_repository\net\minidev\accessors-smart\2.4.8\accessors-smart-2.4.8.jar;D:\timessRepository\maven_repository\org\ow2\asm\asm\9.1\asm-9.1.jar;D:\timessRepository\maven_repository\org\slf4j\slf4j-api\1.7.36\slf4j-api-1.7.36.jar;D:\timessRepository\maven_repository\jakarta\xml\bind\jakarta.xml.bind-api\2.3.3\jakarta.xml.bind-api-2.3.3.jar;D:\timessRepository\maven_repository\jakarta\activation\jakarta.activation-api\1.2.2\jakarta.activation-api-1.2.2.jar;D:\timessRepository\maven_repository\org\assertj\assertj-core\3.21.0\assertj-core-3.21.0.jar;D:\timessRepository\maven_repository\org\hamcrest\hamcrest\2.2\hamcrest-2.2.jar;D:\timessRepository\maven_repository\org\junit\jupiter\junit-jupiter\5.8.2\junit-jupiter-5.8.2.jar;D:\timessRepository\maven_repository\org\junit\jupiter\junit-jupiter-api\5.8.2\junit-jupiter-api-5.8.2.jar;D:\timessRepository\maven_repository\org\opentest4j\opentest4j\1.2.0\opentest4j-1.2.0.jar;D:\timessRepository\maven_repository\org\junit\platform\junit-platform-commons\1.8.2\junit-platform-commons-1.8.2.jar;D:\timessRepository\maven_repository\org\apiguardian\apiguardian-api\1.1.2\apiguardian-api-1.1.2.jar;D:\timessRepository\maven_repository\org\junit\jupiter\junit-jupiter-params\5.8.2\junit-jupiter-params-5.8.2.jar;D:\timessRepository\maven_repository\org\junit\jupiter\junit-jupiter-engine\5.8.2\junit-jupiter-engine-5.8.2.jar;D:\timessRepository\maven_repository\org\junit\platform\junit-platform-engine\1.8.2\junit-platform-engine-1.8.2.jar;D:\timessRepository\maven_repository\org\mockito\mockito-core\4.0.0\mockito-core-4.0.0.jar;D:\timessRepository\maven_repository\net\bytebuddy\byte-buddy\1.11.22\byte-buddy-1.11.22.jar;D:\timessRepository\maven_repository\net\bytebuddy\byte-buddy-agent\1.11.22\byte-buddy-agent-1.11.22.jar;D:\timessRepository\maven_repository\org\objenesis\objenesis\3.2\objenesis-3.2.jar;D:\timessRepository\maven_repository\org\mockito\mockito-junit-jupiter\4.0.0\mockito-junit-jupiter-4.0.0.jar;D:\timessRepository\maven_repository\org\skyscreamer\jsonassert\1.5.1\jsonassert-1.5.1.jar;D:\timessRepository\maven_repository\com\vaadin\external\google\android-json\0.0.20131108.vaadin1\android-json-0.0.20131108.vaadin1.jar;D:\timessRepository\maven_repository\org\springframework\spring-test\5.3.23\spring-test-5.3.23.jar;D:\timessRepository\maven_repository\org\xmlunit\xmlunit-core\2.8.4\xmlunit-core-2.8.4.jar;"/>
    <property name="java.vm.vendor" value="Oracle Corporation"/>
    <property name="sun.arch.data.model" value="64"/>
    <property name="user.variant" value=""/>
    <property name="java.vendor.url" value="http://java.oracle.com/"/>
    <property name="user.timezone" value="Asia/Shanghai"/>
    <property name="java.vm.specification.version" value="1.8"/>
    <property name="os.name" value="Windows 11"/>
    <property name="user.country" value="CN"/>
    <property name="sun.java.launcher" value="SUN_STANDARD"/>
    <property name="sun.boot.library.path" value="D:\timess\jdk\java8\jdk8\jre\bin"/>
    <property name="sun.java.command" value="C:\Users\xing10\AppData\Local\Temp\surefire8395845654114151372\surefirebooter-20240829172314217_3.jar C:\Users\xing10\AppData\Local\Temp\surefire8395845654114151372 2024-08-29T17-23-08_206-jvmRun1 surefire-20240829172314217_1tmp surefire_0-20240829172314217_2tmp"/>
    <property name="surefire.test.class.path" value="D:\api-project\API-client-sdk\target\test-classes;D:\api-project\API-client-sdk\target\classes;D:\timessRepository\maven_repository\com\timess\api-common\0.0.1\api-common-0.0.1.jar;D:\timessRepository\maven_repository\org\mybatis\spring\boot\mybatis-spring-boot-starter\2.2.2\mybatis-spring-boot-starter-2.2.2.jar;D:\timessRepository\maven_repository\org\springframework\boot\spring-boot-starter-jdbc\2.6.13\spring-boot-starter-jdbc-2.6.13.jar;D:\timessRepository\maven_repository\com\zaxxer\HikariCP\4.0.3\HikariCP-4.0.3.jar;D:\timessRepository\maven_repository\org\springframework\spring-jdbc\5.3.23\spring-jdbc-5.3.23.jar;D:\timessRepository\maven_repository\org\springframework\spring-tx\5.3.23\spring-tx-5.3.23.jar;D:\timessRepository\maven_repository\org\mybatis\spring\boot\mybatis-spring-boot-autoconfigure\2.2.2\mybatis-spring-boot-autoconfigure-2.2.2.jar;D:\timessRepository\maven_repository\org\mybatis\mybatis\3.5.9\mybatis-3.5.9.jar;D:\timessRepository\maven_repository\org\mybatis\mybatis-spring\2.0.7\mybatis-spring-2.0.7.jar;D:\timessRepository\maven_repository\com\baomidou\mybatis-plus-boot-starter\3.5.1\mybatis-plus-boot-starter-3.5.1.jar;D:\timessRepository\maven_repository\com\baomidou\mybatis-plus\3.5.1\mybatis-plus-3.5.1.jar;D:\timessRepository\maven_repository\com\baomidou\mybatis-plus-extension\3.5.1\mybatis-plus-extension-3.5.1.jar;D:\timessRepository\maven_repository\com\baomidou\mybatis-plus-core\3.5.1\mybatis-plus-core-3.5.1.jar;D:\timessRepository\maven_repository\com\baomidou\mybatis-plus-annotation\3.5.1\mybatis-plus-annotation-3.5.1.jar;D:\timessRepository\maven_repository\com\github\jsqlparser\jsqlparser\4.3\jsqlparser-4.3.jar;D:\timessRepository\maven_repository\com\google\code\gson\gson\2.8.9\gson-2.8.9.jar;D:\timessRepository\maven_repository\org\apache\commons\commons-lang3\3.12.0\commons-lang3-3.12.0.jar;D:\timessRepository\maven_repository\com\mysql\mysql-connector-j\8.0.31\mysql-connector-j-8.0.31.jar;D:\timessRepository\maven_repository\org\apache\tomcat\embed\tomcat-embed-core\9.0.68\tomcat-embed-core-9.0.68.jar;D:\timessRepository\maven_repository\org\apache\tomcat\tomcat-annotations-api\9.0.68\tomcat-annotations-api-9.0.68.jar;D:\timessRepository\maven_repository\org\springframework\boot\spring-boot-starter\2.6.13\spring-boot-starter-2.6.13.jar;D:\timessRepository\maven_repository\org\springframework\boot\spring-boot\2.6.13\spring-boot-2.6.13.jar;D:\timessRepository\maven_repository\org\springframework\spring-context\5.3.23\spring-context-5.3.23.jar;D:\timessRepository\maven_repository\org\springframework\spring-aop\5.3.23\spring-aop-5.3.23.jar;D:\timessRepository\maven_repository\org\springframework\spring-beans\5.3.23\spring-beans-5.3.23.jar;D:\timessRepository\maven_repository\org\springframework\spring-expression\5.3.23\spring-expression-5.3.23.jar;D:\timessRepository\maven_repository\org\springframework\boot\spring-boot-autoconfigure\2.6.13\spring-boot-autoconfigure-2.6.13.jar;D:\timessRepository\maven_repository\org\springframework\boot\spring-boot-starter-logging\2.6.13\spring-boot-starter-logging-2.6.13.jar;D:\timessRepository\maven_repository\ch\qos\logback\logback-classic\1.2.11\logback-classic-1.2.11.jar;D:\timessRepository\maven_repository\ch\qos\logback\logback-core\1.2.11\logback-core-1.2.11.jar;D:\timessRepository\maven_repository\org\apache\logging\log4j\log4j-to-slf4j\2.17.2\log4j-to-slf4j-2.17.2.jar;D:\timessRepository\maven_repository\org\apache\logging\log4j\log4j-api\2.17.2\log4j-api-2.17.2.jar;D:\timessRepository\maven_repository\org\slf4j\jul-to-slf4j\1.7.36\jul-to-slf4j-1.7.36.jar;D:\timessRepository\maven_repository\jakarta\annotation\jakarta.annotation-api\1.3.5\jakarta.annotation-api-1.3.5.jar;D:\timessRepository\maven_repository\org\springframework\spring-core\5.3.23\spring-core-5.3.23.jar;D:\timessRepository\maven_repository\org\springframework\spring-jcl\5.3.23\spring-jcl-5.3.23.jar;D:\timessRepository\maven_repository\org\yaml\snakeyaml\1.29\snakeyaml-1.29.jar;D:\timessRepository\maven_repository\org\springframework\boot\spring-boot-configuration-processor\2.6.13\spring-boot-configuration-processor-2.6.13.jar;D:\timessRepository\maven_repository\org\projectlombok\lombok\1.18.24\lombok-1.18.24.jar;D:\timessRepository\maven_repository\cn\hutool\hutool-all\5.8.16\hutool-all-5.8.16.jar;D:\timessRepository\maven_repository\org\springframework\boot\spring-boot-starter-test\2.6.13\spring-boot-starter-test-2.6.13.jar;D:\timessRepository\maven_repository\org\springframework\boot\spring-boot-test\2.6.13\spring-boot-test-2.6.13.jar;D:\timessRepository\maven_repository\org\springframework\boot\spring-boot-test-autoconfigure\2.6.13\spring-boot-test-autoconfigure-2.6.13.jar;D:\timessRepository\maven_repository\com\jayway\jsonpath\json-path\2.6.0\json-path-2.6.0.jar;D:\timessRepository\maven_repository\net\minidev\json-smart\2.4.8\json-smart-2.4.8.jar;D:\timessRepository\maven_repository\net\minidev\accessors-smart\2.4.8\accessors-smart-2.4.8.jar;D:\timessRepository\maven_repository\org\ow2\asm\asm\9.1\asm-9.1.jar;D:\timessRepository\maven_repository\org\slf4j\slf4j-api\1.7.36\slf4j-api-1.7.36.jar;D:\timessRepository\maven_repository\jakarta\xml\bind\jakarta.xml.bind-api\2.3.3\jakarta.xml.bind-api-2.3.3.jar;D:\timessRepository\maven_repository\jakarta\activation\jakarta.activation-api\1.2.2\jakarta.activation-api-1.2.2.jar;D:\timessRepository\maven_repository\org\assertj\assertj-core\3.21.0\assertj-core-3.21.0.jar;D:\timessRepository\maven_repository\org\hamcrest\hamcrest\2.2\hamcrest-2.2.jar;D:\timessRepository\maven_repository\org\junit\jupiter\junit-jupiter\5.8.2\junit-jupiter-5.8.2.jar;D:\timessRepository\maven_repository\org\junit\jupiter\junit-jupiter-api\5.8.2\junit-jupiter-api-5.8.2.jar;D:\timessRepository\maven_repository\org\opentest4j\opentest4j\1.2.0\opentest4j-1.2.0.jar;D:\timessRepository\maven_repository\org\junit\platform\junit-platform-commons\1.8.2\junit-platform-commons-1.8.2.jar;D:\timessRepository\maven_repository\org\apiguardian\apiguardian-api\1.1.2\apiguardian-api-1.1.2.jar;D:\timessRepository\maven_repository\org\junit\jupiter\junit-jupiter-params\5.8.2\junit-jupiter-params-5.8.2.jar;D:\timessRepository\maven_repository\org\junit\jupiter\junit-jupiter-engine\5.8.2\junit-jupiter-engine-5.8.2.jar;D:\timessRepository\maven_repository\org\junit\platform\junit-platform-engine\1.8.2\junit-platform-engine-1.8.2.jar;D:\timessRepository\maven_repository\org\mockito\mockito-core\4.0.0\mockito-core-4.0.0.jar;D:\timessRepository\maven_repository\net\bytebuddy\byte-buddy\1.11.22\byte-buddy-1.11.22.jar;D:\timessRepository\maven_repository\net\bytebuddy\byte-buddy-agent\1.11.22\byte-buddy-agent-1.11.22.jar;D:\timessRepository\maven_repository\org\objenesis\objenesis\3.2\objenesis-3.2.jar;D:\timessRepository\maven_repository\org\mockito\mockito-junit-jupiter\4.0.0\mockito-junit-jupiter-4.0.0.jar;D:\timessRepository\maven_repository\org\skyscreamer\jsonassert\1.5.1\jsonassert-1.5.1.jar;D:\timessRepository\maven_repository\com\vaadin\external\google\android-json\0.0.20131108.vaadin1\android-json-0.0.20131108.vaadin1.jar;D:\timessRepository\maven_repository\org\springframework\spring-test\5.3.23\spring-test-5.3.23.jar;D:\timessRepository\maven_repository\org\xmlunit\xmlunit-core\2.8.4\xmlunit-core-2.8.4.jar;"/>
    <property name="sun.cpu.endian" value="little"/>
    <property name="user.home" value="C:\Users\xing10"/>
    <property name="user.language" value="zh"/>
    <property name="java.specification.vendor" value="Oracle Corporation"/>
    <property name="java.home" value="D:\timess\jdk\java8\jdk8\jre"/>
    <property name="basedir" value="D:\api-project\API-client-sdk"/>
    <property name="file.separator" value="\"/>
    <property name="line.separator" value="&#10;"/>
    <property name="java.vm.specification.vendor" value="Oracle Corporation"/>
    <property name="java.specification.name" value="Java Platform API Specification"/>
    <property name="java.awt.graphicsenv" value="sun.awt.Win32GraphicsEnvironment"/>
    <property name="surefire.real.class.path" value="C:\Users\xing10\AppData\Local\Temp\surefire8395845654114151372\surefirebooter-20240829172314217_3.jar"/>
    <property name="sun.boot.class.path" value="D:\timess\jdk\java8\jdk8\jre\lib\resources.jar;D:\timess\jdk\java8\jdk8\jre\lib\rt.jar;D:\timess\jdk\java8\jdk8\jre\lib\jsse.jar;D:\timess\jdk\java8\jdk8\jre\lib\jce.jar;D:\timess\jdk\java8\jdk8\jre\lib\charsets.jar;D:\timess\jdk\java8\jdk8\jre\lib\jfr.jar;D:\timess\jdk\java8\jdk8\jre\classes"/>
    <property name="user.script" value=""/>
    <property name="sun.management.compiler" value="HotSpot 64-Bit Tiered Compilers"/>
    <property name="java.runtime.version" value="1.8.0_421-b09"/>
    <property name="user.name" value="xing10"/>
    <property name="path.separator" value=";"/>
    <property name="os.version" value="10.0"/>
    <property name="java.endorsed.dirs" value="D:\timess\jdk\java8\jdk8\jre\lib\endorsed"/>
    <property name="java.runtime.name" value="Java(TM) SE Runtime Environment"/>
    <property name="file.encoding" value="GBK"/>
    <property name="java.vm.name" value="Java HotSpot(TM) 64-Bit Server VM"/>
    <property name="localRepository" value="D:\timessRepository\maven_repository"/>
    <property name="java.vendor.url.bug" value="http://bugreport.sun.com/bugreport/"/>
    <property name="java.io.tmpdir" value="C:\Users\xing10\AppData\Local\Temp\"/>
    <property name="idea.version" value="2023.3.7"/>
    <property name="java.version" value="1.8.0_421"/>
    <property name="user.dir" value="D:\api-project\API-client-sdk"/>
    <property name="os.arch" value="amd64"/>
    <property name="java.vm.specification.name" value="Java Virtual Machine Specification"/>
    <property name="java.awt.printerjob" value="sun.awt.windows.WPrinterJob"/>
    <property name="sun.os.patch.level" value=""/>
    <property name="java.library.path" value="D:\timess\jdk\java8\jdk8\jre\bin;C:\WINDOWS\Sun\Java\bin;C:\WINDOWS\system32;C:\WINDOWS;C:\Program Files\Common Files\Oracle\Java\javapath;C:\Program Files (x86)\Common Files\Oracle\Java\java8path;C:\Program Files (x86)\Common Files\Oracle\Java\javapath;C:\Program Files (x86)\Intel\Intel(R) Management Engine Components\iCLS\;C:\Program Files\Intel\Intel(R) Management Engine Components\iCLS\;C:\Windows\system32;C:\Windows;C:\Windows\System32\Wbem;C:\Windows\System32\WindowsPowerShell\v1.0\;C:\Windows\System32\OpenSSH\;C:\Program Files (x86)\Intel\Intel(R) Management Engine Components\DAL;C:\Program Files\Intel\Intel(R) Management Engine Components\DAL;C:\Program Files (x86)\Intel\Intel(R) Management Engine Components\IPT;C:\Program Files\Intel\Intel(R) Management Engine Components\IPT;C:\WINDOWS\system32;C:\WINDOWS;C:\WINDOWS\System32\Wbem;C:\WINDOWS\System32\WindowsPowerShell\v1.0\;C:\WINDOWS\System32\OpenSSH\;D:\timess\redis\;D:\timess\apache-maven-3.9.8\bin;D:\timess\nvm;D:\timess\nodejs;C:\Program Files\MySQL\MySQL Server 8.0\bin;D:\timess\nodejs\v20\;C:\Program Files (x86)\NVIDIA Corporation\PhysX\Common;D:\timess\Erlang OTP\bin;C:\Program Files\RabbitMQ Server\rabbitmq_server-3.13.6\sbin;C:\Program Files\Docker\Docker\resources\bin;D:\timess\Git\cmd;D:\timess\jdk\java8\jdk8;C:\Users\xing10\AppData\Local\Microsoft\WindowsApps;D:\timess\IntelliJ IDEA 2023.3.7\bin;;D:\timess\WebStorm 2024.1.6\bin;;C:\Users\xing10\AppData\Local\GitHubDesktop\bin;D:\timess\Microsoft VS Code\bin;D:\timess\nvm;D:\timess\nodejs;D:\timess\PyCharm2023\bin;;C:\Users\xing10\AppData\Roaming\npm;."/>
    <property name="java.vm.info" value="mixed mode"/>
    <property name="java.vendor" value="Oracle Corporation"/>
    <property name="java.vm.version" value="25.421-b09"/>
    <property name="java.specification.maintenance.version" value="5"/>
    <property name="java.ext.dirs" value="D:\timess\jdk\java8\jdk8\jre\lib\ext;C:\WINDOWS\Sun\Java\lib\ext"/>
    <property name="sun.io.unicode.encoding" value="UnicodeLittle"/>
    <property name="maven.repo.local" value="D:\timessRepository\maven_repository"/>
    <property name="java.class.version" value="52.0"/>
  </properties>
  <testcase name="" classname="com.timess.apiclientsdk.ApiClientSdkApplicationTests" time="0.457">
    <error message="Unable to find a @SpringBootConfiguration, you need to use @ContextConfiguration or @SpringBootTest(classes=...) with your test" type="java.lang.IllegalStateException"><![CDATA[java.lang.IllegalStateException: Unable to find a @SpringBootConfiguration, you need to use @ContextConfiguration or @SpringBootTest(classes=...) with your test
	at org.springframework.util.Assert.state(Assert.java:76)
	at org.springframework.boot.test.context.SpringBootTestContextBootstrapper.getOrFindConfigurationClasses(SpringBootTestContextBootstrapper.java:236)
	at org.springframework.boot.test.context.SpringBootTestContextBootstrapper.processMergedContextConfiguration(SpringBootTestContextBootstrapper.java:152)
	at org.springframework.test.context.support.AbstractTestContextBootstrapper.buildMergedContextConfiguration(AbstractTestContextBootstrapper.java:393)
	at org.springframework.test.context.support.AbstractTestContextBootstrapper.buildDefaultMergedContextConfiguration(AbstractTestContextBootstrapper.java:309)
	at org.springframework.test.context.support.AbstractTestContextBootstrapper.buildMergedContextConfiguration(AbstractTestContextBootstrapper.java:262)
	at org.springframework.test.context.support.AbstractTestContextBootstrapper.buildTestContext(AbstractTestContextBootstrapper.java:107)
	at org.springframework.boot.test.context.SpringBootTestContextBootstrapper.buildTestContext(SpringBootTestContextBootstrapper.java:102)
	at org.springframework.test.context.TestContextManager.<init>(TestContextManager.java:137)
	at org.springframework.test.context.TestContextManager.<init>(TestContextManager.java:122)
	at org.junit.jupiter.engine.execution.ExtensionValuesStore.lambda$getOrComputeIfAbsent$4(ExtensionValuesStore.java:86)
	at org.junit.jupiter.engine.execution.ExtensionValuesStore$MemoizingSupplier.computeValue(ExtensionValuesStore.java:223)
	at org.junit.jupiter.engine.execution.ExtensionValuesStore$MemoizingSupplier.get(ExtensionValuesStore.java:211)
	at org.junit.jupiter.engine.execution.ExtensionValuesStore$StoredValue.evaluate(ExtensionValuesStore.java:191)
	at org.junit.jupiter.engine.execution.ExtensionValuesStore$StoredValue.access$100(ExtensionValuesStore.java:171)
	at org.junit.jupiter.engine.execution.ExtensionValuesStore.getOrComputeIfAbsent(ExtensionValuesStore.java:89)
	at org.junit.jupiter.engine.execution.ExtensionValuesStore.getOrComputeIfAbsent(ExtensionValuesStore.java:93)
	at org.junit.jupiter.engine.execution.NamespaceAwareStore.getOrComputeIfAbsent(NamespaceAwareStore.java:61)
	at org.springframework.test.context.junit.jupiter.SpringExtension.getTestContextManager(SpringExtension.java:294)
	at org.springframework.test.context.junit.jupiter.SpringExtension.beforeAll(SpringExtension.java:113)
	at org.junit.jupiter.engine.descriptor.ClassBasedTestDescriptor.lambda$invokeBeforeAllCallbacks$10(ClassBasedTestDescriptor.java:381)
	at org.junit.platform.engine.support.hierarchical.ThrowableCollector.execute(ThrowableCollector.java:73)
	at org.junit.jupiter.engine.descriptor.ClassBasedTestDescriptor.invokeBeforeAllCallbacks(ClassBasedTestDescriptor.java:381)
	at org.junit.jupiter.engine.descriptor.ClassBasedTestDescriptor.before(ClassBasedTestDescriptor.java:205)
	at org.junit.jupiter.engine.descriptor.ClassBasedTestDescriptor.before(ClassBasedTestDescriptor.java:80)
	at org.junit.platform.engine.support.hierarchical.NodeTestTask.lambda$executeRecursively$6(NodeTestTask.java:148)
	at org.junit.platform.engine.support.hierarchical.ThrowableCollector.execute(ThrowableCollector.java:73)
	at org.junit.platform.engine.support.hierarchical.NodeTestTask.lambda$executeRecursively$8(NodeTestTask.java:141)
	at org.junit.platform.engine.support.hierarchical.Node.around(Node.java:137)
	at org.junit.platform.engine.support.hierarchical.NodeTestTask.lambda$executeRecursively$9(NodeTestTask.java:139)
	at org.junit.platform.engine.support.hierarchical.ThrowableCollector.execute(ThrowableCollector.java:73)
	at org.junit.platform.engine.support.hierarchical.NodeTestTask.executeRecursively(NodeTestTask.java:138)
	at org.junit.platform.engine.support.hierarchical.NodeTestTask.execute(NodeTestTask.java:95)
	at java.util.ArrayList.forEach(ArrayList.java:1259)
	at org.junit.platform.engine.support.hierarchical.SameThreadHierarchicalTestExecutorService.invokeAll(SameThreadHierarchicalTestExecutorService.java:41)
	at org.junit.platform.engine.support.hierarchical.NodeTestTask.lambda$executeRecursively$6(NodeTestTask.java:155)
	at org.junit.platform.engine.support.hierarchical.ThrowableCollector.execute(ThrowableCollector.java:73)
	at org.junit.platform.engine.support.hierarchical.NodeTestTask.lambda$executeRecursively$8(NodeTestTask.java:141)
	at org.junit.platform.engine.support.hierarchical.Node.around(Node.java:137)
	at org.junit.platform.engine.support.hierarchical.NodeTestTask.lambda$executeRecursively$9(NodeTestTask.java:139)
	at org.junit.platform.engine.support.hierarchical.ThrowableCollector.execute(ThrowableCollector.java:73)
	at org.junit.platform.engine.support.hierarchical.NodeTestTask.executeRecursively(NodeTestTask.java:138)
	at org.junit.platform.engine.support.hierarchical.NodeTestTask.execute(NodeTestTask.java:95)
	at org.junit.platform.engine.support.hierarchical.SameThreadHierarchicalTestExecutorService.submit(SameThreadHierarchicalTestExecutorService.java:35)
	at org.junit.platform.engine.support.hierarchical.HierarchicalTestExecutor.execute(HierarchicalTestExecutor.java:57)
	at org.junit.platform.engine.support.hierarchical.HierarchicalTestEngine.execute(HierarchicalTestEngine.java:54)
	at org.junit.platform.launcher.core.EngineExecutionOrchestrator.execute(EngineExecutionOrchestrator.java:107)
	at org.junit.platform.launcher.core.EngineExecutionOrchestrator.execute(EngineExecutionOrchestrator.java:88)
	at org.junit.platform.launcher.core.EngineExecutionOrchestrator.lambda$execute$0(EngineExecutionOrchestrator.java:54)
	at org.junit.platform.launcher.core.EngineExecutionOrchestrator.withInterceptedStreams(EngineExecutionOrchestrator.java:67)
	at org.junit.platform.launcher.core.EngineExecutionOrchestrator.execute(EngineExecutionOrchestrator.java:52)
	at org.junit.platform.launcher.core.DefaultLauncher.execute(DefaultLauncher.java:114)
	at org.junit.platform.launcher.core.DefaultLauncher.execute(DefaultLauncher.java:86)
	at org.junit.platform.launcher.core.DefaultLauncherSession$DelegatingLauncher.execute(DefaultLauncherSession.java:86)
	at org.apache.maven.surefire.junitplatform.LazyLauncher.execute(LazyLauncher.java:56)
	at org.apache.maven.surefire.junitplatform.JUnitPlatformProvider.execute(JUnitPlatformProvider.java:184)
	at org.apache.maven.surefire.junitplatform.JUnitPlatformProvider.invokeAllTests(JUnitPlatformProvider.java:148)
	at org.apache.maven.surefire.junitplatform.JUnitPlatformProvider.invoke(JUnitPlatformProvider.java:122)
	at org.apache.maven.surefire.booter.ForkedBooter.runSuitesInProcess(ForkedBooter.java:385)
	at org.apache.maven.surefire.booter.ForkedBooter.execute(ForkedBooter.java:162)
	at org.apache.maven.surefire.booter.ForkedBooter.run(ForkedBooter.java:507)
	at org.apache.maven.surefire.booter.ForkedBooter.main(ForkedBooter.java:495)
]]></error>
    <system-out><![CDATA[17:23:15.539 [main] DEBUG org.springframework.test.context.BootstrapUtils - Instantiating CacheAwareContextLoaderDelegate from class [org.springframework.test.context.cache.DefaultCacheAwareContextLoaderDelegate]
17:23:15.550 [main] DEBUG org.springframework.test.context.BootstrapUtils - Instantiating BootstrapContext using constructor [public org.springframework.test.context.support.DefaultBootstrapContext(java.lang.Class,org.springframework.test.context.CacheAwareContextLoaderDelegate)]
17:23:15.579 [main] DEBUG org.springframework.test.context.BootstrapUtils - Instantiating TestContextBootstrapper for test class [com.timess.apiclientsdk.ApiClientSdkApplicationTests] from class [org.springframework.boot.test.context.SpringBootTestContextBootstrapper]
17:23:15.591 [main] INFO org.springframework.boot.test.context.SpringBootTestContextBootstrapper - Neither @ContextConfiguration nor @ContextHierarchy found for test class [com.timess.apiclientsdk.ApiClientSdkApplicationTests], using SpringBootContextLoader
17:23:15.594 [main] DEBUG org.springframework.test.context.support.AbstractContextLoader - Did not detect default resource location for test class [com.timess.apiclientsdk.ApiClientSdkApplicationTests]: class path resource [com/timess/apiclientsdk/ApiClientSdkApplicationTests-context.xml] does not exist
17:23:15.595 [main] DEBUG org.springframework.test.context.support.AbstractContextLoader - Did not detect default resource location for test class [com.timess.apiclientsdk.ApiClientSdkApplicationTests]: class path resource [com/timess/apiclientsdk/ApiClientSdkApplicationTestsContext.groovy] does not exist
17:23:15.595 [main] INFO org.springframework.test.context.support.AbstractContextLoader - Could not detect default resource locations for test class [com.timess.apiclientsdk.ApiClientSdkApplicationTests]: no resource found for suffixes {-context.xml, Context.groovy}.
17:23:15.595 [main] INFO org.springframework.test.context.support.AnnotationConfigContextLoaderUtils - Could not detect default configuration classes for test class [com.timess.apiclientsdk.ApiClientSdkApplicationTests]: ApiClientSdkApplicationTests does not declare any static, non-private, non-final, nested classes annotated with @Configuration.
17:23:15.858 [main] DEBUG org.springframework.test.context.support.ActiveProfilesUtils - Could not find an 'annotation declaring class' for annotation type [org.springframework.test.context.ActiveProfiles] and class [com.timess.apiclientsdk.ApiClientSdkApplicationTests]
]]></system-out>
  </testcase>
</testsuite>